<?xml version="1.0" encoding="UTF-8"?>
<!-- Generated by org.testng.reporters.JUnitReportReporter -->
<testsuite hostname="DESKTOP-9VGV2VS" failures="0" tests="1" name="Apachetest.Apache" time="0.005" errors="0" timestamp="2022-10-23T04:57:50 IST" skipped="0">
  <testcase classname="Apachetest.Apache" name="ty" time="0.005"/>
  <system-out/>
</testsuite> <!-- Apachetest.Apache -->
