<?xml version="1.0" encoding="UTF-8"?>
<!-- Generated by org.testng.reporters.JUnitReportReporter -->
<testsuite hostname="DESKTOP-9VGV2VS" failures="0" tests="1" name="Apachetest.REadData" time="0.332" errors="0" timestamp="2023-01-10T13:39:46 IST" skipped="0">
  <testcase classname="Apachetest.REadData" name="readdata" time="0.332"/>
  <system-out/>
</testsuite> <!-- Apachetest.REadData -->
